[1020/171859.188:ERROR:directory_reader_win.cc(43)] FindFirstFile: System nie mo¿e odnaleŸæ okreœlonej œcie¿ki. (0x3)
[1021/144651.508:ERROR:directory_reader_win.cc(43)] FindFirstFile: System nie mo¿e odnaleŸæ okreœlonej œcie¿ki. (0x3)
[1025/094847.829:ERROR:directory_reader_win.cc(43)] FindFirstFile: System nie mo¿e odnaleŸæ okreœlonej œcie¿ki. (0x3)
[1025/220727.055:ERROR:directory_reader_win.cc(43)] FindFirstFile: System nie mo¿e odnaleŸæ okreœlonej œcie¿ki. (0x3)
[1026/102545.820:ERROR:process_reader_win.cc(155)] SuspendThread: Odmowa dostêpu. (0x5)
[1026/102545.820:ERROR:process_reader_win.cc(155)] SuspendThread: Odmowa dostêpu. (0x5)
[1026/102545.820:ERROR:process_reader_win.cc(155)] SuspendThread: Odmowa dostêpu. (0x5)
[1026/102545.820:ERROR:process_reader_win.cc(127)] NtOpenThread: {Odmowa dostêpu} Proces za¿¹da³ dostêpu do obiektu, ale prawa dostêpu nie zosta³y przyznane. (0xc0000022)
[1026/102545.830:ERROR:exception_snapshot_win.cc(100)] thread ID 5620 not found in process
[1026/102545.870:ERROR:process_reader_win.cc(155)] SuspendThread: Odmowa dostêpu. (0x5)
[1026/102545.880:ERROR:process_reader_win.cc(155)] SuspendThread: Odmowa dostêpu. (0x5)
[1026/102545.880:ERROR:process_reader_win.cc(155)] SuspendThread: Odmowa dostêpu. (0x5)
[1026/102545.880:ERROR:process_reader_win.cc(155)] SuspendThread: Odmowa dostêpu. (0x5)
[1026/102545.880:ERROR:process_reader_win.cc(155)] SuspendThread: Odmowa dostêpu. (0x5)
[1026/102545.880:ERROR:process_reader_win.cc(155)] SuspendThread: Odmowa dostêpu. (0x5)
[1026/102545.880:ERROR:process_reader_win.cc(155)] SuspendThread: Odmowa dostêpu. (0x5)
[1026/102545.880:ERROR:process_reader_win.cc(127)] NtOpenThread: {Odmowa dostêpu} Proces za¿¹da³ dostêpu do obiektu, ale prawa dostêpu nie zosta³y przyznane. (0xc0000022)
[1026/102545.880:ERROR:exception_snapshot_win.cc(100)] thread ID 1760 not found in process
[1026/110043.872:ERROR:directory_reader_win.cc(43)] FindFirstFile: System nie mo¿e odnaleŸæ okreœlonej œcie¿ki. (0x3)
[1027/193620.587:ERROR:directory_reader_win.cc(43)] FindFirstFile: System nie mo¿e odnaleŸæ okreœlonej œcie¿ki. (0x3)
[1028/125025.058:ERROR:directory_reader_win.cc(43)] FindFirstFile: System nie mo¿e odnaleŸæ okreœlonej œcie¿ki. (0x3)
[1103/163302.466:ERROR:directory_reader_win.cc(43)] FindFirstFile: System nie mo¿e odnaleŸæ okreœlonej œcie¿ki. (0x3)
[1106/125217.261:ERROR:directory_reader_win.cc(43)] FindFirstFile: System nie mo¿e odnaleŸæ okreœlonej œcie¿ki. (0x3)
[1108/134341.039:ERROR:directory_reader_win.cc(43)] FindFirstFile: System nie mo¿e odnaleŸæ okreœlonej œcie¿ki. (0x3)
[1111/202153.182:ERROR:filesystem_win.cc(129)] GetFileAttributes C:\Users\k_adr\AppData\Local\Google\Chrome\User Data\Crashpad\attachments\121d69e8-89cc-42e9-b077-b1ec26f07be0: System nie mo¿e odnaleŸæ okreœlonej œcie¿ki. (0x3)
[1111/221212.967:ERROR:directory_reader_win.cc(43)] FindFirstFile: System nie mo¿e odnaleŸæ okreœlonej œcie¿ki. (0x3)
[1112/151636.063:ERROR:directory_reader_win.cc(43)] FindFirstFile: System nie mo¿e odnaleŸæ okreœlonej œcie¿ki. (0x3)
[1114/001703.442:ERROR:directory_reader_win.cc(43)] FindFirstFile: System nie mo¿e odnaleŸæ okreœlonej œcie¿ki. (0x3)
